
--- Example1 Overview ---
N=10000, d=5
Shapes => X:(10000, 5), D:(10000,), Y:(10000,)

First 5 observations:
        X0        X1        X2        X3        X4   D         Y
-0.989121 -0.367787  1.287925  0.193974  0.920231 0.0  1.498699
 0.577104 -0.636464  0.541952 -0.316595 -0.322389 0.0  2.004682
 0.097167 -1.525930  1.192166 -0.671090  1.000269 1.0  0.994501
 0.136321  1.532033 -0.659969 -0.311795  0.337769 1.0 -0.363363
-2.207471  0.827921  1.541630  1.126807  0.754770 0.0 -0.004040

Summary stats:
                  X0            X1            X2            X3            X4             D             Y
count  10000.000000  10000.000000  10000.000000  10000.000000  10000.000000  10000.000000  10000.000000
mean       0.009016      0.002374     -0.005328      0.001319      0.006525      0.492500      0.519906
std        0.999642      1.008208      1.008768      0.989751      0.993276      0.499969      0.882630
min       -3.966873     -4.417613     -3.922386     -3.788205     -3.812514      0.000000     -3.626609
25%       -0.672665     -0.661164     -0.684088     -0.662089     -0.666384      0.000000     -0.028292
50%        0.014857      0.001812     -0.008910     -0.011023      0.009742      0.000000      0.552055
75%        0.696950      0.686282      0.661995      0.678306      0.684409      1.000000      1.106523
max        4.118320      4.403371      3.839574      3.603116      3.848911      1.000000      3.777192
epoch 0 loss=0.6995
epoch 1 loss=0.3664
epoch 2 loss=0.3036
epoch 3 loss=0.2855
epoch 4 loss=0.2738
epoch 5 loss=0.2674
epoch 6 loss=0.2638
epoch 7 loss=0.2587
epoch 8 loss=0.2565
epoch 9 loss=0.2560
epoch 10 loss=0.2550
epoch 11 loss=0.2534
epoch 12 loss=0.2521
epoch 13 loss=0.2514
epoch 14 loss=0.2519
epoch 15 loss=0.2507
epoch 16 loss=0.2494
epoch 17 loss=0.2493
epoch 18 loss=0.2468
epoch 19 loss=0.2474
epoch 20 loss=0.2503
epoch 21 loss=0.2478
epoch 22 loss=0.2447
epoch 23 loss=0.2455
epoch 24 loss=0.2461
epoch 25 loss=0.2450
epoch 26 loss=0.2458
epoch 27 loss=0.2451
epoch 28 loss=0.2448
epoch 29 loss=0.2436
epoch 30 loss=0.2438
epoch 31 loss=0.2425
epoch 32 loss=0.2422
epoch 33 loss=0.2413
epoch 34 loss=0.2436
epoch 35 loss=0.2445
epoch 36 loss=0.2418
epoch 37 loss=0.2401
epoch 38 loss=0.2419
epoch 39 loss=0.2401
epoch 40 loss=0.2390
epoch 41 loss=0.2403
epoch 42 loss=0.2412
epoch 43 loss=0.2373
epoch 44 loss=0.2393
epoch 45 loss=0.2380
epoch 46 loss=0.2366
epoch 47 loss=0.2367
epoch 48 loss=0.2364
epoch 49 loss=0.2350
epoch 50 loss=0.2363
epoch 51 loss=0.2382
epoch 52 loss=0.2378
epoch 53 loss=0.2362
epoch 54 loss=0.2373
epoch 55 loss=0.2335
epoch 56 loss=0.2335
epoch 57 loss=0.2337
epoch 58 loss=0.2336
epoch 59 loss=0.2336
epoch 60 loss=0.2336
epoch 61 loss=0.2341
epoch 62 loss=0.2324
epoch 63 loss=0.2342
epoch 64 loss=0.2310
epoch 65 loss=0.2308
epoch 66 loss=0.2320
epoch 67 loss=0.2314
epoch 68 loss=0.2335
epoch 69 loss=0.2330
epoch 70 loss=0.2296
epoch 71 loss=0.2291
epoch 72 loss=0.2298
epoch 73 loss=0.2324
epoch 74 loss=0.2329
epoch 75 loss=0.2296
epoch 76 loss=0.2284
epoch 77 loss=0.2277
epoch 78 loss=0.2281
epoch 79 loss=0.2311
epoch 80 loss=0.2266
epoch 81 loss=0.2278
epoch 82 loss=0.2270
epoch 83 loss=0.2265
epoch 84 loss=0.2263
epoch 85 loss=0.2262
epoch 86 loss=0.2273
epoch 87 loss=0.2259
epoch 88 loss=0.2245
epoch 89 loss=0.2242
epoch 90 loss=0.2257
epoch 91 loss=0.2247
epoch 92 loss=0.2227
epoch 93 loss=0.2252
epoch 94 loss=0.2229
epoch 95 loss=0.2227
epoch 96 loss=0.2233
epoch 97 loss=0.2227
epoch 98 loss=0.2212
epoch 99 loss=0.2219
ep 0 cls loss=0.6951
ep 1 cls loss=0.6876
ep 2 cls loss=0.6808
ep 3 cls loss=0.6741
ep 4 cls loss=0.6685
ep 5 cls loss=0.6649
ep 6 cls loss=0.6629
ep 7 cls loss=0.6628
ep 8 cls loss=0.6614
ep 9 cls loss=0.6619
ep 10 cls loss=0.6613
ep 11 cls loss=0.6613
ep 12 cls loss=0.6595
ep 13 cls loss=0.6599
ep 14 cls loss=0.6603
ep 15 cls loss=0.6600
ep 16 cls loss=0.6598
ep 17 cls loss=0.6604
ep 18 cls loss=0.6605
ep 19 cls loss=0.6600
ep 20 cls loss=0.6586
ep 21 cls loss=0.6584
ep 22 cls loss=0.6587
ep 23 cls loss=0.6592
ep 24 cls loss=0.6577
ep 25 cls loss=0.6586
ep 26 cls loss=0.6584
ep 27 cls loss=0.6583
ep 28 cls loss=0.6574
ep 29 cls loss=0.6560
ep 30 cls loss=0.6576
ep 31 cls loss=0.6576
ep 32 cls loss=0.6579
ep 33 cls loss=0.6583
ep 34 cls loss=0.6568
ep 35 cls loss=0.6567
ep 36 cls loss=0.6558
ep 37 cls loss=0.6568
ep 38 cls loss=0.6560
ep 39 cls loss=0.6567
ep 40 cls loss=0.6565
ep 41 cls loss=0.6563
ep 42 cls loss=0.6554
ep 43 cls loss=0.6557
ep 44 cls loss=0.6555
ep 45 cls loss=0.6555
ep 46 cls loss=0.6561
ep 47 cls loss=0.6562
ep 48 cls loss=0.6564
ep 49 cls loss=0.6558
ep 50 cls loss=0.6554
ep 51 cls loss=0.6554
ep 52 cls loss=0.6546
ep 53 cls loss=0.6556
ep 54 cls loss=0.6556
ep 55 cls loss=0.6546
ep 56 cls loss=0.6541
ep 57 cls loss=0.6550
ep 58 cls loss=0.6551
ep 59 cls loss=0.6536
ep 60 cls loss=0.6544
ep 61 cls loss=0.6545
ep 62 cls loss=0.6552
ep 63 cls loss=0.6541
ep 64 cls loss=0.6550
ep 65 cls loss=0.6543
ep 66 cls loss=0.6537
ep 67 cls loss=0.6539
ep 68 cls loss=0.6526
ep 69 cls loss=0.6533
ep 70 cls loss=0.6536
ep 71 cls loss=0.6532
ep 72 cls loss=0.6533
ep 73 cls loss=0.6534
ep 74 cls loss=0.6519
ep 75 cls loss=0.6530
ep 76 cls loss=0.6524
ep 77 cls loss=0.6529
ep 78 cls loss=0.6526
ep 79 cls loss=0.6524
ep 80 cls loss=0.6519
ep 81 cls loss=0.6523
ep 82 cls loss=0.6514
ep 83 cls loss=0.6527
ep 84 cls loss=0.6528
ep 85 cls loss=0.6534
ep 86 cls loss=0.6526
ep 87 cls loss=0.6524
ep 88 cls loss=0.6511
ep 89 cls loss=0.6508
ep 90 cls loss=0.6515
ep 91 cls loss=0.6508
ep 92 cls loss=0.6508
ep 93 cls loss=0.6505
ep 94 cls loss=0.6510
ep 95 cls loss=0.6510
ep 96 cls loss=0.6515
ep 97 cls loss=0.6513
ep 98 cls loss=0.6521
ep 99 cls loss=0.6495
epoch 0 loss=0.6706
epoch 1 loss=0.3561
epoch 2 loss=0.3038
epoch 3 loss=0.2874
epoch 4 loss=0.2789
epoch 5 loss=0.2722
epoch 6 loss=0.2658
epoch 7 loss=0.2603
epoch 8 loss=0.2581
epoch 9 loss=0.2570
epoch 10 loss=0.2559
epoch 11 loss=0.2536
epoch 12 loss=0.2544
epoch 13 loss=0.2531
epoch 14 loss=0.2538
epoch 15 loss=0.2508
epoch 16 loss=0.2502
epoch 17 loss=0.2500
epoch 18 loss=0.2475
epoch 19 loss=0.2480
epoch 20 loss=0.2478
epoch 21 loss=0.2467
epoch 22 loss=0.2486
epoch 23 loss=0.2454
epoch 24 loss=0.2472
epoch 25 loss=0.2465
epoch 26 loss=0.2452
epoch 27 loss=0.2440
epoch 28 loss=0.2425
epoch 29 loss=0.2424
epoch 30 loss=0.2433
epoch 31 loss=0.2422
epoch 32 loss=0.2430
epoch 33 loss=0.2424
epoch 34 loss=0.2417
epoch 35 loss=0.2421
epoch 36 loss=0.2435
epoch 37 loss=0.2415
epoch 38 loss=0.2421
epoch 39 loss=0.2391
epoch 40 loss=0.2398
epoch 41 loss=0.2398
epoch 42 loss=0.2397
epoch 43 loss=0.2395
epoch 44 loss=0.2395
epoch 45 loss=0.2386
epoch 46 loss=0.2385
epoch 47 loss=0.2363
epoch 48 loss=0.2379
epoch 49 loss=0.2391
epoch 50 loss=0.2377
epoch 51 loss=0.2366
epoch 52 loss=0.2373
epoch 53 loss=0.2372
epoch 54 loss=0.2370
epoch 55 loss=0.2379
epoch 56 loss=0.2369
epoch 57 loss=0.2367
epoch 58 loss=0.2360
epoch 59 loss=0.2342
epoch 60 loss=0.2343
epoch 61 loss=0.2354
epoch 62 loss=0.2335
epoch 63 loss=0.2334
epoch 64 loss=0.2355
epoch 65 loss=0.2358
epoch 66 loss=0.2376
epoch 67 loss=0.2347
epoch 68 loss=0.2336
epoch 69 loss=0.2318
epoch 70 loss=0.2336
epoch 71 loss=0.2326
epoch 72 loss=0.2301
epoch 73 loss=0.2312
epoch 74 loss=0.2335
epoch 75 loss=0.2328
epoch 76 loss=0.2308
epoch 77 loss=0.2293
epoch 78 loss=0.2296
epoch 79 loss=0.2303
epoch 80 loss=0.2292
epoch 81 loss=0.2290
epoch 82 loss=0.2291
epoch 83 loss=0.2282
epoch 84 loss=0.2263
epoch 85 loss=0.2284
epoch 86 loss=0.2279
epoch 87 loss=0.2278
epoch 88 loss=0.2263
epoch 89 loss=0.2268
epoch 90 loss=0.2265
epoch 91 loss=0.2250
epoch 92 loss=0.2277
epoch 93 loss=0.2268
epoch 94 loss=0.2253
epoch 95 loss=0.2268
epoch 96 loss=0.2253
epoch 97 loss=0.2256
epoch 98 loss=0.2257
epoch 99 loss=0.2260
ep 0 cls loss=0.6917
ep 1 cls loss=0.6865
ep 2 cls loss=0.6811
ep 3 cls loss=0.6751
ep 4 cls loss=0.6706
ep 5 cls loss=0.6682
ep 6 cls loss=0.6670
ep 7 cls loss=0.6661
ep 8 cls loss=0.6660
ep 9 cls loss=0.6658
ep 10 cls loss=0.6669
ep 11 cls loss=0.6661
ep 12 cls loss=0.6654
ep 13 cls loss=0.6651
ep 14 cls loss=0.6645
ep 15 cls loss=0.6649
ep 16 cls loss=0.6654
ep 17 cls loss=0.6648
ep 18 cls loss=0.6644
ep 19 cls loss=0.6629
ep 20 cls loss=0.6636
ep 21 cls loss=0.6639
ep 22 cls loss=0.6640
ep 23 cls loss=0.6637
ep 24 cls loss=0.6628
ep 25 cls loss=0.6620
ep 26 cls loss=0.6629
ep 27 cls loss=0.6634
ep 28 cls loss=0.6630
ep 29 cls loss=0.6630
ep 30 cls loss=0.6620
ep 31 cls loss=0.6620
ep 32 cls loss=0.6619
ep 33 cls loss=0.6615
ep 34 cls loss=0.6616
ep 35 cls loss=0.6616
ep 36 cls loss=0.6613
ep 37 cls loss=0.6607
ep 38 cls loss=0.6614
ep 39 cls loss=0.6611
ep 40 cls loss=0.6608
ep 41 cls loss=0.6614
ep 42 cls loss=0.6608
ep 43 cls loss=0.6606
ep 44 cls loss=0.6602
ep 45 cls loss=0.6610
ep 46 cls loss=0.6597
ep 47 cls loss=0.6610
ep 48 cls loss=0.6605
ep 49 cls loss=0.6600
ep 50 cls loss=0.6587
ep 51 cls loss=0.6597
ep 52 cls loss=0.6602
ep 53 cls loss=0.6594
ep 54 cls loss=0.6590
ep 55 cls loss=0.6591
ep 56 cls loss=0.6588
ep 57 cls loss=0.6591
ep 58 cls loss=0.6585
ep 59 cls loss=0.6592
ep 60 cls loss=0.6583
ep 61 cls loss=0.6589
ep 62 cls loss=0.6580
ep 63 cls loss=0.6589
ep 64 cls loss=0.6576
ep 65 cls loss=0.6576
ep 66 cls loss=0.6583
ep 67 cls loss=0.6581
ep 68 cls loss=0.6576
ep 69 cls loss=0.6572
ep 70 cls loss=0.6569
ep 71 cls loss=0.6589
ep 72 cls loss=0.6574
ep 73 cls loss=0.6572
ep 74 cls loss=0.6574
ep 75 cls loss=0.6570
ep 76 cls loss=0.6571
ep 77 cls loss=0.6565
ep 78 cls loss=0.6567
ep 79 cls loss=0.6569
ep 80 cls loss=0.6564
ep 81 cls loss=0.6563
ep 82 cls loss=0.6573
ep 83 cls loss=0.6560
ep 84 cls loss=0.6561
ep 85 cls loss=0.6568
ep 86 cls loss=0.6552
ep 87 cls loss=0.6547
ep 88 cls loss=0.6557
ep 89 cls loss=0.6560
ep 90 cls loss=0.6546
ep 91 cls loss=0.6556
ep 92 cls loss=0.6553
ep 93 cls loss=0.6552
ep 94 cls loss=0.6552
ep 95 cls loss=0.6547
ep 96 cls loss=0.6550
ep 97 cls loss=0.6539
ep 98 cls loss=0.6537
ep 99 cls loss=0.6542

Results for Example1, testing param=0, but also showing true param:
| Param   |   True |    Est |   StdErr |   t(= est/se) |   p |   CI_Low |   CI_High |
|---------|--------|--------|----------|---------------|-----|----------|-----------|
| Alpha   |  1.004 |  1.003 |    0.009 |        106.33 |   0 |    0.984 |     1.021 |
| Beta    | -1.002 | -0.978 |    0.012 |        -79.85 |   0 |   -1.002 |    -0.954 |

--- Example2 Overview ---
N=10000, d=5
Shapes => X:(10000, 5), D:(10000,), Y:(10000,)

First 5 observations:
        X0        X1        X2        X3        X4   D        Y
 0.765649 -0.496634 -2.050723 -0.006231  0.526687 1.0 2.985200
-0.512821 -0.293865 -0.696394  0.467151 -1.145887 1.0 3.606742
 1.445508  0.566659  0.128858 -0.118880  1.679754 1.0 2.210077
 0.466157 -0.615068  0.141986  0.677098 -0.896538 1.0 1.777606
 0.862149 -0.216590  0.341006  0.150409 -1.775317 1.0 3.070812

Summary stats:
                  X0            X1            X2            X3            X4             D             Y
count  10000.000000  10000.000000  10000.000000  10000.000000  10000.000000  10000.000000  10000.000000
mean      -0.012527     -0.006515     -0.006884     -0.000652     -0.001702      0.500300      2.799067
std        0.994129      0.992876      0.984999      1.003867      0.987593      0.500025      1.389125
min       -3.984712     -3.369536     -4.012246     -3.517437     -3.984247      0.000000     -3.070412
25%       -0.689341     -0.680306     -0.670472     -0.685472     -0.669466      0.000000      1.917915
50%       -0.013560     -0.008801      0.000204      0.005288     -0.000756      1.000000      2.598085
75%        0.652265      0.664868      0.664334      0.669016      0.662908      1.000000      3.411386
max        3.614175      3.877130      3.709046      3.836763      3.501586      1.000000     14.088033
epoch 0 loss=6.5601
epoch 1 loss=2.3431
epoch 2 loss=1.5518
epoch 3 loss=1.2894
epoch 4 loss=1.1006
epoch 5 loss=0.9423
epoch 6 loss=0.7974
epoch 7 loss=0.6936
epoch 8 loss=0.6374
epoch 9 loss=0.6131
epoch 10 loss=0.5987
epoch 11 loss=0.5883
epoch 12 loss=0.5825
epoch 13 loss=0.5758
epoch 14 loss=0.5716
epoch 15 loss=0.5657
epoch 16 loss=0.5654
epoch 17 loss=0.5574
epoch 18 loss=0.5538
epoch 19 loss=0.5525
epoch 20 loss=0.5522
epoch 21 loss=0.5492
epoch 22 loss=0.5444
epoch 23 loss=0.5434
epoch 24 loss=0.5408
epoch 25 loss=0.5380
epoch 26 loss=0.5368
epoch 27 loss=0.5371
epoch 28 loss=0.5298
epoch 29 loss=0.5265
epoch 30 loss=0.5269
epoch 31 loss=0.5319
epoch 32 loss=0.5251
epoch 33 loss=0.5225
epoch 34 loss=0.5210
epoch 35 loss=0.5194
epoch 36 loss=0.5162
epoch 37 loss=0.5148
epoch 38 loss=0.5159
epoch 39 loss=0.5150
epoch 40 loss=0.5128
epoch 41 loss=0.5119
epoch 42 loss=0.5115
epoch 43 loss=0.5076
epoch 44 loss=0.5100
epoch 45 loss=0.5100
epoch 46 loss=0.5071
epoch 47 loss=0.5071
epoch 48 loss=0.5050
epoch 49 loss=0.5023
epoch 50 loss=0.5030
epoch 51 loss=0.5019
epoch 52 loss=0.5011
epoch 53 loss=0.4999
epoch 54 loss=0.5002
epoch 55 loss=0.4973
epoch 56 loss=0.4970
epoch 57 loss=0.4971
epoch 58 loss=0.4959
epoch 59 loss=0.4938
epoch 60 loss=0.4966
epoch 61 loss=0.4929
epoch 62 loss=0.4910
epoch 63 loss=0.4939
epoch 64 loss=0.4960
epoch 65 loss=0.4897
epoch 66 loss=0.4908
epoch 67 loss=0.4941
epoch 68 loss=0.4911
epoch 69 loss=0.4879
epoch 70 loss=0.4884
epoch 71 loss=0.4856
epoch 72 loss=0.4864
epoch 73 loss=0.4838
epoch 74 loss=0.4919
epoch 75 loss=0.4834
epoch 76 loss=0.4842
epoch 77 loss=0.4850
epoch 78 loss=0.4842
epoch 79 loss=0.4824
epoch 80 loss=0.4823
epoch 81 loss=0.4818
epoch 82 loss=0.4854
epoch 83 loss=0.4782
epoch 84 loss=0.4784
epoch 85 loss=0.4806
epoch 86 loss=0.4784
epoch 87 loss=0.4817
epoch 88 loss=0.4823
epoch 89 loss=0.4802
epoch 90 loss=0.4771
epoch 91 loss=0.4771
epoch 92 loss=0.4805
epoch 93 loss=0.4756
epoch 94 loss=0.4773
epoch 95 loss=0.4751
epoch 96 loss=0.4763
epoch 97 loss=0.4743
epoch 98 loss=0.4722
epoch 99 loss=0.4737
ep 0 cls loss=0.6924
ep 1 cls loss=0.6887
ep 2 cls loss=0.6860
ep 3 cls loss=0.6834
ep 4 cls loss=0.6820
ep 5 cls loss=0.6814
ep 6 cls loss=0.6803
ep 7 cls loss=0.6799
ep 8 cls loss=0.6801
ep 9 cls loss=0.6801
ep 10 cls loss=0.6803
ep 11 cls loss=0.6799
ep 12 cls loss=0.6800
ep 13 cls loss=0.6792
ep 14 cls loss=0.6794
ep 15 cls loss=0.6791
ep 16 cls loss=0.6796
ep 17 cls loss=0.6786
ep 18 cls loss=0.6787
ep 19 cls loss=0.6788
ep 20 cls loss=0.6787
ep 21 cls loss=0.6781
ep 22 cls loss=0.6781
ep 23 cls loss=0.6784
ep 24 cls loss=0.6783
ep 25 cls loss=0.6776
ep 26 cls loss=0.6779
ep 27 cls loss=0.6776
ep 28 cls loss=0.6776
ep 29 cls loss=0.6778
ep 30 cls loss=0.6775
ep 31 cls loss=0.6773
ep 32 cls loss=0.6771
ep 33 cls loss=0.6771
ep 34 cls loss=0.6768
ep 35 cls loss=0.6759
ep 36 cls loss=0.6765
ep 37 cls loss=0.6771
ep 38 cls loss=0.6771
ep 39 cls loss=0.6770
ep 40 cls loss=0.6764
ep 41 cls loss=0.6760
ep 42 cls loss=0.6759
ep 43 cls loss=0.6762
ep 44 cls loss=0.6755
ep 45 cls loss=0.6757
ep 46 cls loss=0.6761
ep 47 cls loss=0.6756
ep 48 cls loss=0.6752
ep 49 cls loss=0.6754
ep 50 cls loss=0.6753
ep 51 cls loss=0.6746
ep 52 cls loss=0.6749
ep 53 cls loss=0.6746
ep 54 cls loss=0.6750
ep 55 cls loss=0.6742
ep 56 cls loss=0.6741
ep 57 cls loss=0.6743
ep 58 cls loss=0.6746
ep 59 cls loss=0.6740
ep 60 cls loss=0.6744
ep 61 cls loss=0.6732
ep 62 cls loss=0.6738
ep 63 cls loss=0.6738
ep 64 cls loss=0.6735
ep 65 cls loss=0.6736
ep 66 cls loss=0.6735
ep 67 cls loss=0.6737
ep 68 cls loss=0.6728
ep 69 cls loss=0.6732
ep 70 cls loss=0.6721
ep 71 cls loss=0.6726
ep 72 cls loss=0.6728
ep 73 cls loss=0.6721
ep 74 cls loss=0.6728
ep 75 cls loss=0.6718
ep 76 cls loss=0.6722
ep 77 cls loss=0.6721
ep 78 cls loss=0.6722
ep 79 cls loss=0.6719
ep 80 cls loss=0.6721
ep 81 cls loss=0.6720
ep 82 cls loss=0.6708
ep 83 cls loss=0.6708
ep 84 cls loss=0.6719
ep 85 cls loss=0.6710
ep 86 cls loss=0.6711
ep 87 cls loss=0.6711
ep 88 cls loss=0.6702
ep 89 cls loss=0.6708
ep 90 cls loss=0.6700
ep 91 cls loss=0.6707
ep 92 cls loss=0.6698
ep 93 cls loss=0.6699
ep 94 cls loss=0.6700
ep 95 cls loss=0.6698
ep 96 cls loss=0.6694
ep 97 cls loss=0.6696
ep 98 cls loss=0.6694
ep 99 cls loss=0.6694
epoch 0 loss=6.1054
epoch 1 loss=2.0655
epoch 2 loss=1.5548
epoch 3 loss=1.2912
epoch 4 loss=1.1110
epoch 5 loss=0.9469
epoch 6 loss=0.8076
epoch 7 loss=0.7290
epoch 8 loss=0.6687
epoch 9 loss=0.6413
epoch 10 loss=0.6267
epoch 11 loss=0.6137
epoch 12 loss=0.6039
epoch 13 loss=0.5964
epoch 14 loss=0.5936
epoch 15 loss=0.5865
epoch 16 loss=0.5811
epoch 17 loss=0.5791
epoch 18 loss=0.5683
epoch 19 loss=0.5671
epoch 20 loss=0.5622
epoch 21 loss=0.5563
epoch 22 loss=0.5559
epoch 23 loss=0.5499
epoch 24 loss=0.5516
epoch 25 loss=0.5472
epoch 26 loss=0.5446
epoch 27 loss=0.5397
epoch 28 loss=0.5417
epoch 29 loss=0.5367
epoch 30 loss=0.5353
epoch 31 loss=0.5334
epoch 32 loss=0.5354
epoch 33 loss=0.5303
epoch 34 loss=0.5319
epoch 35 loss=0.5271
epoch 36 loss=0.5278
epoch 37 loss=0.5232
epoch 38 loss=0.5227
epoch 39 loss=0.5168
epoch 40 loss=0.5156
epoch 41 loss=0.5165
epoch 42 loss=0.5175
epoch 43 loss=0.5129
epoch 44 loss=0.5131
epoch 45 loss=0.5127
epoch 46 loss=0.5130
epoch 47 loss=0.5136
epoch 48 loss=0.5087
epoch 49 loss=0.5098
epoch 50 loss=0.5055
epoch 51 loss=0.5085
epoch 52 loss=0.5051
epoch 53 loss=0.5071
epoch 54 loss=0.5007
epoch 55 loss=0.5037
epoch 56 loss=0.5015
epoch 57 loss=0.5010
epoch 58 loss=0.4998
epoch 59 loss=0.5015
epoch 60 loss=0.5003
epoch 61 loss=0.4969
epoch 62 loss=0.4977
epoch 63 loss=0.4946
epoch 64 loss=0.4970
epoch 65 loss=0.4966
epoch 66 loss=0.4931
epoch 67 loss=0.4930
epoch 68 loss=0.4916
epoch 69 loss=0.4931
epoch 70 loss=0.4944
epoch 71 loss=0.4951
epoch 72 loss=0.4893
epoch 73 loss=0.4883
epoch 74 loss=0.4884
epoch 75 loss=0.4874
epoch 76 loss=0.4914
epoch 77 loss=0.4887
epoch 78 loss=0.4893
epoch 79 loss=0.4893
epoch 80 loss=0.4870
epoch 81 loss=0.4920
epoch 82 loss=0.4902
epoch 83 loss=0.4889
epoch 84 loss=0.4885
epoch 85 loss=0.4872
epoch 86 loss=0.4841
epoch 87 loss=0.4837
epoch 88 loss=0.4857
epoch 89 loss=0.4860
epoch 90 loss=0.4860
epoch 91 loss=0.4845
epoch 92 loss=0.4826
epoch 93 loss=0.4825
epoch 94 loss=0.4849
epoch 95 loss=0.4855
epoch 96 loss=0.4834
epoch 97 loss=0.4856
epoch 98 loss=0.4826
epoch 99 loss=0.4798
ep 0 cls loss=0.6935
ep 1 cls loss=0.6902
ep 2 cls loss=0.6883
ep 3 cls loss=0.6857
ep 4 cls loss=0.6846
ep 5 cls loss=0.6828
ep 6 cls loss=0.6815
ep 7 cls loss=0.6815
ep 8 cls loss=0.6810
ep 9 cls loss=0.6804
ep 10 cls loss=0.6795
ep 11 cls loss=0.6798
ep 12 cls loss=0.6793
ep 13 cls loss=0.6792
ep 14 cls loss=0.6791
ep 15 cls loss=0.6787
ep 16 cls loss=0.6788
ep 17 cls loss=0.6784
ep 18 cls loss=0.6787
ep 19 cls loss=0.6778
ep 20 cls loss=0.6777
ep 21 cls loss=0.6776
ep 22 cls loss=0.6780
ep 23 cls loss=0.6777
ep 24 cls loss=0.6770
ep 25 cls loss=0.6774
ep 26 cls loss=0.6772
ep 27 cls loss=0.6770
ep 28 cls loss=0.6764
ep 29 cls loss=0.6766
ep 30 cls loss=0.6765
ep 31 cls loss=0.6750
ep 32 cls loss=0.6758
ep 33 cls loss=0.6755
ep 34 cls loss=0.6756
ep 35 cls loss=0.6754
ep 36 cls loss=0.6750
ep 37 cls loss=0.6747
ep 38 cls loss=0.6749
ep 39 cls loss=0.6745
ep 40 cls loss=0.6751
ep 41 cls loss=0.6752
ep 42 cls loss=0.6748
ep 43 cls loss=0.6742
ep 44 cls loss=0.6747
ep 45 cls loss=0.6747
ep 46 cls loss=0.6735
ep 47 cls loss=0.6734
ep 48 cls loss=0.6743
ep 49 cls loss=0.6737
ep 50 cls loss=0.6738
ep 51 cls loss=0.6733
ep 52 cls loss=0.6739
ep 53 cls loss=0.6737
ep 54 cls loss=0.6729
ep 55 cls loss=0.6727
ep 56 cls loss=0.6716
ep 57 cls loss=0.6719
ep 58 cls loss=0.6728
ep 59 cls loss=0.6718
ep 60 cls loss=0.6716
ep 61 cls loss=0.6711
ep 62 cls loss=0.6712
ep 63 cls loss=0.6711
ep 64 cls loss=0.6709
ep 65 cls loss=0.6715
ep 66 cls loss=0.6715
ep 67 cls loss=0.6709
ep 68 cls loss=0.6705
ep 69 cls loss=0.6700
ep 70 cls loss=0.6701
ep 71 cls loss=0.6696
ep 72 cls loss=0.6702
ep 73 cls loss=0.6692
ep 74 cls loss=0.6687
ep 75 cls loss=0.6698
ep 76 cls loss=0.6696
ep 77 cls loss=0.6690
ep 78 cls loss=0.6681
ep 79 cls loss=0.6681
ep 80 cls loss=0.6685
ep 81 cls loss=0.6682
ep 82 cls loss=0.6680
ep 83 cls loss=0.6672
ep 84 cls loss=0.6681
ep 85 cls loss=0.6672
ep 86 cls loss=0.6676
ep 87 cls loss=0.6682
ep 88 cls loss=0.6676
ep 89 cls loss=0.6670
ep 90 cls loss=0.6669
ep 91 cls loss=0.6664
ep 92 cls loss=0.6672
ep 93 cls loss=0.6662
ep 94 cls loss=0.6672
ep 95 cls loss=0.6656
ep 96 cls loss=0.6656
ep 97 cls loss=0.6663
ep 98 cls loss=0.6652
ep 99 cls loss=0.6652

Results for Example2, testing param=0, but also showing true param:
| Param   |   True |    Est |   StdErr |   t(= est/se) |     p |   CI_Low |   CI_High |
|---------|--------|--------|----------|---------------|-------|----------|-----------|
| Alpha   |  2.789 |  2.794 |    0.015 |        181    | 0     |    2.763 |     2.824 |
| Beta    |  0.002 | -0.007 |    0.017 |         -0.42 | 0.676 |   -0.039 |     0.026 |

=== Monte Carlo for Example1 ===

Monte Carlo Example1_MC, True alpha=1.000, beta=-1.000

MC Example1_MC summary table:
| Param   |   True |   Mean(Est) |   Std(Est) |   RMSE |
|---------|--------|-------------|------------|--------|
| Alpha   |      1 |       1.002 |      0.006 |  0.006 |
| Beta    |     -1 |      -0.998 |      0.011 |  0.011 |

=== Monte Carlo for Example2 ===

Monte Carlo Example2_MC, True alpha=2.799, beta=-0.000

MC Example2_MC summary table:
| Param   |   True |   Mean(Est) |   Std(Est) |   RMSE |
|---------|--------|-------------|------------|--------|
| Alpha   |  2.799 |       2.801 |      0.014 |  0.014 |
| Beta    | -0     |      -0.007 |      0.016 |  0.017 |
