
--- Example3-Fractional Overview ---
N=5000, d=5
Shapes => X:(5000, 5), D:(5000,), Y:(5000,)

First 5 observations:
        X0        X1        X2        X3        X4   D   Y
 0.896040 -2.123949  1.640204 -0.035307 -2.602765 0.0 1.0
-0.190065 -0.664110 -0.414703 -0.292445  1.945005 0.0 1.0
 1.006021  0.536399 -0.380456  0.587489  1.855876 0.0 1.0
 1.009243  0.810435 -0.866176  1.741066  0.384690 0.0 0.0
 0.427256  0.703348  0.515430  0.100937 -0.444981 1.0 1.0

Summary stats:
                 X0           X1           X2           X3           X4            D            Y
count  5000.000000  5000.000000  5000.000000  5000.000000  5000.000000  5000.000000  5000.000000
mean      0.018771    -0.008571     0.006238     0.007143    -0.005587     0.489400     0.482600
std       0.996547     0.981127     1.004222     1.000674     1.025982     0.499938     0.499747
min      -3.678910    -3.486541    -3.445592    -4.070028    -3.777701     0.000000     0.000000
25%      -0.651335    -0.663358    -0.694202    -0.668796    -0.699648     0.000000     0.000000
50%       0.013392    -0.007189    -0.002945     0.009270     0.000631     0.000000     0.000000
75%       0.677502     0.659753     0.681177     0.675685     0.691507     1.000000     1.000000
max       3.329534     3.627083     3.961735     3.624121     3.838859     1.000000     1.000000

Results for Example3-Fractional
| Param   |   True |    Est |   StdErr |   CI_Low |   CI_High |
|---------|--------|--------|----------|----------|-----------|
| Alpha   |  0.207 |  0.202 |    0.005 |    0.193 |     0.211 |
| Beta    | -0.594 | -0.616 |    0.005 |   -0.627 |    -0.605 |

--- Example4-Tobit Overview ---
N=5000, d=4
Shapes => X:(5000, 4), D:(5000,), Y:(5000,)

First 5 observations:
        X0        X1        X2        X3   D        Y
 0.765649 -0.496634 -2.050723 -0.006231 1.0 0.501133
 0.526687 -0.512821 -0.293865 -0.696394 0.0 2.845332
 0.467151 -1.145887  1.445508  0.566659 1.0 0.826424
 0.128858 -0.118880  1.679754  0.466157 1.0 0.000000
-0.615068  0.141986  0.677098 -0.896538 1.0 0.101554

Summary stats:
                 X0           X1           X2           X3            D            Y
count  5000.000000  5000.000000  5000.000000  5000.000000  5000.000000  5000.000000
mean      0.002197    -0.017145     0.003008    -0.016002     0.504800     0.811958
std       0.997624     0.981312     0.994151     1.002878     0.500027     0.879443
min      -3.360005    -4.012246    -3.617550    -3.415641     0.000000     0.000000
25%      -0.685816    -0.672212    -0.665438    -0.698869     0.000000     0.000000
50%       0.020578    -0.025349     0.019408    -0.030960     1.000000     0.559233
75%       0.662830     0.644202     0.664446     0.676898     1.000000     1.369405
max       3.548969     3.313081     3.877130     3.836763     1.000000     5.131892

Results for Example4-Tobit (Tobit partial means):
| Param   |   True |    Est |   StdErr |   CI_Low |   CI_High |
|---------|--------|--------|----------|----------|-----------|
| Mu      |  1.001 |  0.943 |    0.007 |    0.929 |     0.957 |
| Gamma   | -0.799 | -0.727 |    0.002 |   -0.731 |    -0.723 |

=== MC Example3 (Fractional) ===
Approx true alpha=0.201, beta=-0.598
| Param   |   True |   Mean(Est) |   Std(Est) |
|---------|--------|-------------|------------|
| Alpha   |  0.201 |       0.099 |      0.071 |
| Beta    | -0.598 |      -0.383 |      0.1   |

=== MC Example4 (Tobit) ===
Approx true mu=0.998, gamma=-0.800
| Param   |   True |   Mean(Est) |   Std(Est) |
|---------|--------|-------------|------------|
| Mu      |  0.998 |       0.61  |      0.131 |
| Gamma   | -0.8   |      -0.245 |      0.159 |
